info it worked if it ends with ok
verbose cli [ 'node', '/home/shinout/.nvm/v0.6.1/bin/npm', 'publish', '.' ]
info using npm@1.0.106
info using node@v0.6.1
verbose config file /home/shinout/.npmrc
verbose config file /home/shinout/.nvm/v0.6.1/etc/npmrc
verbose config file /home/shinout/.nvm/v0.6.1/lib/node_modules/npm/npmrc
verbose publish [ '.' ]
verbose cache add [ '.', null ]
silly cache add: name, spec, args [ undefined, '.', [ '.', null ] ]
verbose parsed url { pathname: '.', path: '.', href: '.' }
ERR! Could not install: .
ERR! Failed to parse json
ERR! Unexpected string
ERR! File: package.json
ERR! JSON.parse Failed to parse package.json data.
ERR! JSON.parse package.json must be actual JSON, not just JavaScript.
ERR! JSON.parse This is not a bug in npm.
ERR! JSON.parse Tell the package author to fix their package.json file.
ERR! 
ERR! System Linux 2.6.32-5-amd64
ERR! command "node" "/home/shinout/.nvm/v0.6.1/bin/npm" "publish" "."
ERR! cwd /home/shinout/interval-tree
ERR! node -v v0.6.1
ERR! npm -v 1.0.106
ERR! file package.json
ERR! code EJSONPARSE
verbose exit [ 1, true ]
